This file contains any messages produced by compilers while
running configure, to aid debugging if configure makes a mistake.

It was created by configure, which was
generated by GNU Autoconf 2.66.  Invocation command line was

  $ ./configure --prefix=/mingw --x-includes=/mingw/x/include --x-libraries=/mingw/x/lib --disable-native-kde --disable-debug

## --------- ##
## Platform. ##
## --------- ##

hostname = e15
uname -m = i686
uname -r = 1.0.17(0.48/3/2)
uname -s = MINGW32_NT-6.1
uname -v = 2011-04-24 23:39

/usr/bin/uname -p = unknown
/bin/uname -X     = unknown

/bin/arch              = unknown
/usr/bin/arch -k       = unknown
/usr/convex/getsysinfo = unknown
/usr/bin/hostinfo      = unknown
/bin/machine           = unknown
/usr/bin/oslevel       = unknown
/bin/universe          = unknown

PATH: .
PATH: /usr/local/bin
PATH: /mingw/bin
PATH: /bin
PATH: /mingw/bin
PATH: /c/Program Files (x86)/CollabNet/Subversion Server
PATH: /c/Windows/system32
PATH: /c/Windows
PATH: /c/Windows/System32/Wbem
PATH: /c/Windows/System32/WindowsPowerShell/v1.0/
PATH: /c/Program Files (x86)/Microsoft SQL Server/90/Tools/binn/
PATH: /c/Program Files/nant/bin/
PATH: /c/Program Files (x86)/TS Support/eSignal Spy/
PATH: /e/Qt/4.7.4_x64/bin/
PATH: /c/Program Files (x86)/Git/cmd
PATH: .
PATH: /c/Program Files (x86)/Git/bin
PATH: /c/Program Files (x86)/Microsoft Visual Studio 9.0/Common7/IDE/
PATH: /c/Program Files (x86)/Git/share/vim/vim73/
PATH: /c/Program Files/TortoiseGit/bin
PATH: /c/Program Files (x86)/eSignal/
PATH: /c/Program Files (x86)/Xoreax/IncrediBuild
PATH: /c/Python27/
PATH: /c/Program Files/TortoiseSVN/bin
PATH: /c/msys/1.0/bin
PATH: /c/Program Files/SourceGear/Common/DiffMerge/
PATH: /c/Program Files (x86)/software.jessies.org/terminator/Resources/terminator/bin/


## ----------- ##
## Core tests. ##
## ----------- ##

configure:2176: checking for a BSD-compatible install
configure:2244: result: /bin/install -c
configure:2255: checking whether build environment is sane
configure:2305: result: yes
configure:2446: checking for a thread-safe mkdir -p
configure:2485: result: /bin/mkdir -p
configure:2498: checking for gawk
configure:2514: found /bin/gawk
configure:2525: result: gawk
configure:2536: checking whether make sets $(MAKE)
configure:2558: result: yes
configure:2688: checking for gcc
configure:2704: found /mingw/bin/gcc
configure:2715: result: gcc
configure:2944: checking for C compiler version
configure:2953: gcc --version >&5
gcc.exe (GCC) 4.6.1
Copyright (C) 2011 Free Software Foundation, Inc.
This is free software; see the source for copying conditions.  There is NO
warranty; not even for MERCHANTABILITY or FITNESS FOR A PARTICULAR PURPOSE.

configure:2964: $? = 0
configure:2953: gcc -v >&5
Using built-in specs.
COLLECT_GCC=E:\jerry\MinGW\bin\gcc.exe
COLLECT_LTO_WRAPPER=e:/jerry/mingw/bin/../libexec/gcc/mingw32/4.6.1/lto-wrapper.exe
Target: mingw32
Configured with: ../gcc-4.6.1/configure --enable-languages=c,c++,fortran,objc,obj-c++ --disable-sjlj-exceptions --with-dwarf2 --enable-shared --enable-libgomp --disable-win32-registry --enable-libstdcxx-debug --enable-version-specific-runtime-libs --build=mingw32 --prefix=/mingw
Thread model: win32
gcc version 4.6.1 (GCC) 
configure:2964: $? = 0
configure:2953: gcc -V >&5
gcc.exe: error: unrecognized option '-V'
gcc.exe: fatal error: no input files
compilation terminated.
configure:2964: $? = 1
configure:2953: gcc -qversion >&5
gcc.exe: error: unrecognized option '-qversion'
gcc.exe: fatal error: no input files
compilation terminated.
configure:2964: $? = 1
configure:2984: checking whether the C compiler works
configure:3006: gcc    conftest.c  >&5
configure:3010: $? = 0
configure:3058: result: yes
configure:3061: checking for C compiler default output file name
configure:3063: result: a.exe
configure:3069: checking for suffix of executables
configure:3076: gcc -o conftest.exe    conftest.c  >&5
configure:3080: $? = 0
configure:3102: result: .exe
configure:3124: checking whether we are cross compiling
configure:3132: gcc -o conftest.exe    conftest.c  >&5
configure:3136: $? = 0
configure:3143: ./conftest.exe
configure:3147: $? = 0
configure:3162: result: no
configure:3167: checking for suffix of object files
configure:3189: gcc -c   conftest.c >&5
configure:3193: $? = 0
configure:3214: result: o
configure:3218: checking whether we are using the GNU C compiler
configure:3237: gcc -c   conftest.c >&5
configure:3237: $? = 0
configure:3246: result: yes
configure:3255: checking whether gcc accepts -g
configure:3275: gcc -c -g  conftest.c >&5
configure:3275: $? = 0
configure:3316: result: yes
configure:3333: checking for gcc option to accept ISO C89
configure:3397: gcc  -c -g -O2  conftest.c >&5
configure:3397: $? = 0
configure:3410: result: none needed
configure:3441: checking for style of include used by make
configure:3469: result: GNU
configure:3494: checking dependency style of gcc
configure:3604: result: gcc3
configure:3625: checking how to run the C preprocessor
configure:3656: gcc -E  conftest.c
configure:3656: $? = 0
configure:3670: gcc -E  conftest.c
conftest.c:11:28: fatal error: ac_nonexistent.h: No such file or directory
compilation terminated.
configure:3670: $? = 1
configure: failed program was:
| /* confdefs.h */
| #define PACKAGE_NAME ""
| #define PACKAGE_TARNAME ""
| #define PACKAGE_VERSION ""
| #define PACKAGE_STRING ""
| #define PACKAGE_BUGREPORT ""
| #define PACKAGE_URL ""
| #define PACKAGE "stalonetray"
| #define VERSION "0.8.1"
| /* end confdefs.h.  */
| #include <ac_nonexistent.h>
configure:3695: result: gcc -E
configure:3715: gcc -E  conftest.c
configure:3715: $? = 0
configure:3729: gcc -E  conftest.c
conftest.c:11:28: fatal error: ac_nonexistent.h: No such file or directory
compilation terminated.
configure:3729: $? = 1
configure: failed program was:
| /* confdefs.h */
| #define PACKAGE_NAME ""
| #define PACKAGE_TARNAME ""
| #define PACKAGE_VERSION ""
| #define PACKAGE_STRING ""
| #define PACKAGE_BUGREPORT ""
| #define PACKAGE_URL ""
| #define PACKAGE "stalonetray"
| #define VERSION "0.8.1"
| /* end confdefs.h.  */
| #include <ac_nonexistent.h>
configure:3758: checking for grep that handles long lines and -e
configure:3816: result: /bin/grep
configure:3821: checking for egrep
configure:3883: result: /bin/grep -E
configure:3888: checking for ANSI C header files
configure:3908: gcc -c -g -O2  conftest.c >&5
configure:3908: $? = 0
configure:3981: gcc -o conftest.exe -g -O2   conftest.c  >&5
configure:3981: $? = 0
configure:3981: ./conftest.exe
configure:3981: $? = 0
configure:3992: result: yes
configure:4005: checking for sys/types.h
configure:4005: gcc -c -g -O2  conftest.c >&5
configure:4005: $? = 0
configure:4005: result: yes
configure:4005: checking for sys/stat.h
configure:4005: gcc -c -g -O2  conftest.c >&5
configure:4005: $? = 0
configure:4005: result: yes
configure:4005: checking for stdlib.h
configure:4005: gcc -c -g -O2  conftest.c >&5
configure:4005: $? = 0
configure:4005: result: yes
configure:4005: checking for string.h
configure:4005: gcc -c -g -O2  conftest.c >&5
configure:4005: $? = 0
configure:4005: result: yes
configure:4005: checking for memory.h
configure:4005: gcc -c -g -O2  conftest.c >&5
configure:4005: $? = 0
configure:4005: result: yes
configure:4005: checking for strings.h
configure:4005: gcc -c -g -O2  conftest.c >&5
configure:4005: $? = 0
configure:4005: result: yes
configure:4005: checking for inttypes.h
configure:4005: gcc -c -g -O2  conftest.c >&5
configure:4005: $? = 0
configure:4005: result: yes
configure:4005: checking for stdint.h
configure:4005: gcc -c -g -O2  conftest.c >&5
configure:4005: $? = 0
configure:4005: result: yes
configure:4005: checking for unistd.h
configure:4005: gcc -c -g -O2  conftest.c >&5
configure:4005: $? = 0
configure:4005: result: yes
configure:4018: checking minix/config.h usability
configure:4018: gcc -c -g -O2  conftest.c >&5
conftest.c:54:26: fatal error: minix/config.h: No such file or directory
compilation terminated.
configure:4018: $? = 1
configure: failed program was:
| /* confdefs.h */
| #define PACKAGE_NAME ""
| #define PACKAGE_TARNAME ""
| #define PACKAGE_VERSION ""
| #define PACKAGE_STRING ""
| #define PACKAGE_BUGREPORT ""
| #define PACKAGE_URL ""
| #define PACKAGE "stalonetray"
| #define VERSION "0.8.1"
| #define STDC_HEADERS 1
| #define HAVE_SYS_TYPES_H 1
| #define HAVE_SYS_STAT_H 1
| #define HAVE_STDLIB_H 1
| #define HAVE_STRING_H 1
| #define HAVE_MEMORY_H 1
| #define HAVE_STRINGS_H 1
| #define HAVE_INTTYPES_H 1
| #define HAVE_STDINT_H 1
| #define HAVE_UNISTD_H 1
| /* end confdefs.h.  */
| #include <stdio.h>
| #ifdef HAVE_SYS_TYPES_H
| # include <sys/types.h>
| #endif
| #ifdef HAVE_SYS_STAT_H
| # include <sys/stat.h>
| #endif
| #ifdef STDC_HEADERS
| # include <stdlib.h>
| # include <stddef.h>
| #else
| # ifdef HAVE_STDLIB_H
| #  include <stdlib.h>
| # endif
| #endif
| #ifdef HAVE_STRING_H
| # if !defined STDC_HEADERS && defined HAVE_MEMORY_H
| #  include <memory.h>
| # endif
| # include <string.h>
| #endif
| #ifdef HAVE_STRINGS_H
| # include <strings.h>
| #endif
| #ifdef HAVE_INTTYPES_H
| # include <inttypes.h>
| #endif
| #ifdef HAVE_STDINT_H
| # include <stdint.h>
| #endif
| #ifdef HAVE_UNISTD_H
| # include <unistd.h>
| #endif
| #include <minix/config.h>
configure:4018: result: no
configure:4018: checking minix/config.h presence
configure:4018: gcc -E  conftest.c
conftest.c:21:26: fatal error: minix/config.h: No such file or directory
compilation terminated.
configure:4018: $? = 1
configure: failed program was:
| /* confdefs.h */
| #define PACKAGE_NAME ""
| #define PACKAGE_TARNAME ""
| #define PACKAGE_VERSION ""
| #define PACKAGE_STRING ""
| #define PACKAGE_BUGREPORT ""
| #define PACKAGE_URL ""
| #define PACKAGE "stalonetray"
| #define VERSION "0.8.1"
| #define STDC_HEADERS 1
| #define HAVE_SYS_TYPES_H 1
| #define HAVE_SYS_STAT_H 1
| #define HAVE_STDLIB_H 1
| #define HAVE_STRING_H 1
| #define HAVE_MEMORY_H 1
| #define HAVE_STRINGS_H 1
| #define HAVE_INTTYPES_H 1
| #define HAVE_STDINT_H 1
| #define HAVE_UNISTD_H 1
| /* end confdefs.h.  */
| #include <minix/config.h>
configure:4018: result: no
configure:4018: checking for minix/config.h
configure:4018: result: no
configure:4039: checking whether it is safe to define __EXTENSIONS__
configure:4057: gcc -c -g -O2  conftest.c >&5
configure:4057: $? = 0
configure:4064: result: yes
configure:4082: checking ctype.h usability
configure:4082: gcc -c -g -O2  conftest.c >&5
configure:4082: $? = 0
configure:4082: result: yes
configure:4082: checking ctype.h presence
configure:4082: gcc -E  conftest.c
configure:4082: $? = 0
configure:4082: result: yes
configure:4082: checking for ctype.h
configure:4082: result: yes
configure:4099: checking errno.h usability
configure:4099: gcc -c -g -O2  conftest.c >&5
configure:4099: $? = 0
configure:4099: result: yes
configure:4099: checking errno.h presence
configure:4099: gcc -E  conftest.c
configure:4099: $? = 0
configure:4099: result: yes
configure:4099: checking for errno.h
configure:4099: result: yes
configure:4116: checking signal.h usability
configure:4116: gcc -c -g -O2  conftest.c >&5
configure:4116: $? = 0
configure:4116: result: yes
configure:4116: checking signal.h presence
configure:4116: gcc -E  conftest.c
configure:4116: $? = 0
configure:4116: result: yes
configure:4116: checking for signal.h
configure:4116: result: yes
configure:4133: checking stdio.h usability
configure:4133: gcc -c -g -O2  conftest.c >&5
configure:4133: $? = 0
configure:4133: result: yes
configure:4133: checking stdio.h presence
configure:4133: gcc -E  conftest.c
configure:4133: $? = 0
configure:4133: result: yes
configure:4133: checking for stdio.h
configure:4133: result: yes
configure:4150: checking for stdlib.h
configure:4150: result: yes
configure:4167: checking for string.h
configure:4167: result: yes
configure:4184: checking time.h usability
configure:4184: gcc -c -g -O2  conftest.c >&5
configure:4184: $? = 0
configure:4184: result: yes
configure:4184: checking time.h presence
configure:4184: gcc -E  conftest.c
configure:4184: $? = 0
configure:4184: result: yes
configure:4184: checking for time.h
configure:4184: result: yes
configure:4201: checking for unistd.h
configure:4201: result: yes
configure:4218: checking libgen.h usability
configure:4218: gcc -c -g -O2  conftest.c >&5
configure:4218: $? = 0
configure:4218: result: yes
configure:4218: checking libgen.h presence
configure:4218: gcc -E  conftest.c
configure:4218: $? = 0
configure:4218: result: yes
configure:4218: checking for libgen.h
configure:4218: result: yes
configure:4248: gcc -o conftest.exe -g -O2   conftest.c  >&5
conftest.c:35:22: fatal error: execinfo.h: No such file or directory
compilation terminated.
configure:4248: $? = 1
configure: failed program was:
| /* confdefs.h */
| #define PACKAGE_NAME ""
| #define PACKAGE_TARNAME ""
| #define PACKAGE_VERSION ""
| #define PACKAGE_STRING ""
| #define PACKAGE_BUGREPORT ""
| #define PACKAGE_URL ""
| #define PACKAGE "stalonetray"
| #define VERSION "0.8.1"
| #define STDC_HEADERS 1
| #define HAVE_SYS_TYPES_H 1
| #define HAVE_SYS_STAT_H 1
| #define HAVE_STDLIB_H 1
| #define HAVE_STRING_H 1
| #define HAVE_MEMORY_H 1
| #define HAVE_STRINGS_H 1
| #define HAVE_INTTYPES_H 1
| #define HAVE_STDINT_H 1
| #define HAVE_UNISTD_H 1
| #define __EXTENSIONS__ 1
| #define _ALL_SOURCE 1
| #define _GNU_SOURCE 1
| #define _POSIX_PTHREAD_SEMANTICS 1
| #define _TANDEM_SOURCE 1
| #define HAVE_CTYPE_H 1
| #define HAVE_ERRNO_H 1
| #define HAVE_SIGNAL_H 1
| #define HAVE_STDIO_H 1
| #define HAVE_STDLIB_H 1
| #define HAVE_STRING_H 1
| #define HAVE_TIME_H 1
| #define HAVE_UNISTD_H 1
| #define HAVE_LIBGEN_H 1
| /* end confdefs.h.  */
| #include <execinfo.h>
| 			 #include <sys/types.h>
| 
| int
| main ()
| {
| void *array[10];
| 			 size_t size;
| 			 size = backtrace(array, 10);
| 			 backtrace_symbols_fd(array, size, 0);
| 
|   ;
|   return 0;
| }
configure:4272: gcc -o conftest.exe -g -O2   conftest.c  >&5
conftest.c:35:22: fatal error: ucontext.h: No such file or directory
compilation terminated.
configure:4272: $? = 1
configure: failed program was:
| /* confdefs.h */
| #define PACKAGE_NAME ""
| #define PACKAGE_TARNAME ""
| #define PACKAGE_VERSION ""
| #define PACKAGE_STRING ""
| #define PACKAGE_BUGREPORT ""
| #define PACKAGE_URL ""
| #define PACKAGE "stalonetray"
| #define VERSION "0.8.1"
| #define STDC_HEADERS 1
| #define HAVE_SYS_TYPES_H 1
| #define HAVE_SYS_STAT_H 1
| #define HAVE_STDLIB_H 1
| #define HAVE_STRING_H 1
| #define HAVE_MEMORY_H 1
| #define HAVE_STRINGS_H 1
| #define HAVE_INTTYPES_H 1
| #define HAVE_STDINT_H 1
| #define HAVE_UNISTD_H 1
| #define __EXTENSIONS__ 1
| #define _ALL_SOURCE 1
| #define _GNU_SOURCE 1
| #define _POSIX_PTHREAD_SEMANTICS 1
| #define _TANDEM_SOURCE 1
| #define HAVE_CTYPE_H 1
| #define HAVE_ERRNO_H 1
| #define HAVE_SIGNAL_H 1
| #define HAVE_STDIO_H 1
| #define HAVE_STDLIB_H 1
| #define HAVE_STRING_H 1
| #define HAVE_TIME_H 1
| #define HAVE_UNISTD_H 1
| #define HAVE_LIBGEN_H 1
| /* end confdefs.h.  */
| #include <ucontext.h>
| int
| main ()
| {
| printstack(0);
|   ;
|   return 0;
| }
configure:4289: checking for X
configure:4478: result: libraries /mingw/x/lib, headers /mingw/x/include
configure:4498: checking whether -R must be followed by a space
configure:4514: gcc -o conftest.exe -g -O2   conftest.c  -R/mingw/x/lib >&5
gcc.exe: error: unrecognized option '-R'
configure:4514: $? = 1
configure: failed program was:
| /* confdefs.h */
| #define PACKAGE_NAME ""
| #define PACKAGE_TARNAME ""
| #define PACKAGE_VERSION ""
| #define PACKAGE_STRING ""
| #define PACKAGE_BUGREPORT ""
| #define PACKAGE_URL ""
| #define PACKAGE "stalonetray"
| #define VERSION "0.8.1"
| #define STDC_HEADERS 1
| #define HAVE_SYS_TYPES_H 1
| #define HAVE_SYS_STAT_H 1
| #define HAVE_STDLIB_H 1
| #define HAVE_STRING_H 1
| #define HAVE_MEMORY_H 1
| #define HAVE_STRINGS_H 1
| #define HAVE_INTTYPES_H 1
| #define HAVE_STDINT_H 1
| #define HAVE_UNISTD_H 1
| #define __EXTENSIONS__ 1
| #define _ALL_SOURCE 1
| #define _GNU_SOURCE 1
| #define _POSIX_PTHREAD_SEMANTICS 1
| #define _TANDEM_SOURCE 1
| #define HAVE_CTYPE_H 1
| #define HAVE_ERRNO_H 1
| #define HAVE_SIGNAL_H 1
| #define HAVE_STDIO_H 1
| #define HAVE_STDLIB_H 1
| #define HAVE_STRING_H 1
| #define HAVE_TIME_H 1
| #define HAVE_UNISTD_H 1
| #define HAVE_LIBGEN_H 1
| /* end confdefs.h.  */
| 
| int
| main ()
| {
| 
|   ;
|   return 0;
| }
configure:4531: gcc -o conftest.exe -g -O2   conftest.c  -R /mingw/x/lib >&5
gcc.exe: error: unrecognized option '-R'
configure:4531: $? = 1
configure: failed program was:
| /* confdefs.h */
| #define PACKAGE_NAME ""
| #define PACKAGE_TARNAME ""
| #define PACKAGE_VERSION ""
| #define PACKAGE_STRING ""
| #define PACKAGE_BUGREPORT ""
| #define PACKAGE_URL ""
| #define PACKAGE "stalonetray"
| #define VERSION "0.8.1"
| #define STDC_HEADERS 1
| #define HAVE_SYS_TYPES_H 1
| #define HAVE_SYS_STAT_H 1
| #define HAVE_STDLIB_H 1
| #define HAVE_STRING_H 1
| #define HAVE_MEMORY_H 1
| #define HAVE_STRINGS_H 1
| #define HAVE_INTTYPES_H 1
| #define HAVE_STDINT_H 1
| #define HAVE_UNISTD_H 1
| #define __EXTENSIONS__ 1
| #define _ALL_SOURCE 1
| #define _GNU_SOURCE 1
| #define _POSIX_PTHREAD_SEMANTICS 1
| #define _TANDEM_SOURCE 1
| #define HAVE_CTYPE_H 1
| #define HAVE_ERRNO_H 1
| #define HAVE_SIGNAL_H 1
| #define HAVE_STDIO_H 1
| #define HAVE_STDLIB_H 1
| #define HAVE_STRING_H 1
| #define HAVE_TIME_H 1
| #define HAVE_UNISTD_H 1
| #define HAVE_LIBGEN_H 1
| /* end confdefs.h.  */
| 
| int
| main ()
| {
| 
|   ;
|   return 0;
| }
configure:4536: result: neither works
configure:4577: gcc -o conftest.exe -g -O2   conftest.c   -L/mingw/x/lib -lX11 >&5
E:/jerry/MinGW/x/lib/libX11.a(XlibInt.o):(.text+0xe3b): undefined reference to `gethostname@8'
E:/jerry/MinGW/x/lib/libX11.a(XlibInt.o):(.text+0x164d): undefined reference to `WSAGetLastError@0'
E:/jerry/MinGW/x/lib/libX11.a(XlibInt.o):(.text+0x1660): undefined reference to `WSAGetLastError@0'
E:/jerry/MinGW/x/lib/libX11.a(XlibInt.o):(.text+0x1670): undefined reference to `WSAGetLastError@0'
E:/jerry/MinGW/x/lib/libX11.a(XlibInt.o):(.text+0x16ff): undefined reference to `WSAGetLastError@0'
E:/jerry/MinGW/x/lib/libX11.a(XlibInt.o):(.text+0x1e13): undefined reference to `WSASetLastError@4'
E:/jerry/MinGW/x/lib/libX11.a(XlibInt.o):(.text+0x1ecc): undefined reference to `WSASetLastError@4'
E:/jerry/MinGW/x/lib/libX11.a(XlibInt.o):(.text+0x218a): undefined reference to `__WSAFDIsSet@8'
E:/jerry/MinGW/x/lib/libX11.a(XlibInt.o):(.text+0x21d2): undefined reference to `select@20'
E:/jerry/MinGW/x/lib/libX11.a(XlibInt.o):(.text+0x2214): undefined reference to `__WSAFDIsSet@8'
E:/jerry/MinGW/x/lib/libX11.a(XlibInt.o):(.text+0x2261): undefined reference to `__WSAFDIsSet@8'
E:/jerry/MinGW/x/lib/libX11.a(XlibInt.o):(.text+0x22d0): undefined reference to `__WSAFDIsSet@8'
E:/jerry/MinGW/x/lib/libX11.a(XlibInt.o):(.text+0x22fe): undefined reference to `WSAGetLastError@0'
E:/jerry/MinGW/x/lib/libX11.a(XlibInt.o):(.text+0x230c): undefined reference to `WSAGetLastError@0'
E:/jerry/MinGW/x/lib/libX11.a(XlibInt.o):(.text+0x23a9): undefined reference to `WSASetLastError@4'
E:/jerry/MinGW/x/lib/libX11.a(XlibInt.o):(.text+0x2471): undefined reference to `WSAGetLastError@0'
E:/jerry/MinGW/x/lib/libX11.a(XlibInt.o):(.text+0x2481): undefined reference to `WSAGetLastError@0'
E:/jerry/MinGW/x/lib/libX11.a(XlibInt.o):(.text+0x24a5): undefined reference to `WSASetLastError@4'
E:/jerry/MinGW/x/lib/libX11.a(XlibInt.o):(.text+0x24c4): undefined reference to `WSASetLastError@4'
E:/jerry/MinGW/x/lib/libX11.a(XlibInt.o):(.text+0x2500): undefined reference to `WSASetLastError@4'
E:/jerry/MinGW/x/lib/libX11.a(XlibInt.o):(.text+0x2534): undefined reference to `WSAGetLastError@0'
E:/jerry/MinGW/x/lib/libX11.a(XlibInt.o):(.text+0x254d): undefined reference to `WSASetLastError@4'
E:/jerry/MinGW/x/lib/libX11.a(XlibInt.o):(.text+0x25c5): undefined reference to `WSAGetLastError@0'
E:/jerry/MinGW/x/lib/libX11.a(XlibInt.o):(.text+0x25fd): undefined reference to `WSASetLastError@4'
E:/jerry/MinGW/x/lib/libX11.a(XlibInt.o):(.text+0x2892): undefined reference to `select@20'
E:/jerry/MinGW/x/lib/libX11.a(XlibInt.o):(.text+0x28c5): undefined reference to `WSAGetLastError@0'
E:/jerry/MinGW/x/lib/libX11.a(XlibInt.o):(.text+0x28cf): undefined reference to `WSAGetLastError@0'
E:/jerry/MinGW/x/lib/libX11.a(XlibInt.o):(.text+0x28f9): undefined reference to `__WSAFDIsSet@8'
E:/jerry/MinGW/x/lib/libX11.a(XlibInt.o):(.text+0x2911): undefined reference to `__WSAFDIsSet@8'
E:/jerry/MinGW/x/lib/libX11.a(XlibInt.o):(.text+0x2a1b): undefined reference to `__WSAFDIsSet@8'
E:/jerry/MinGW/x/lib/libX11.a(XlibInt.o):(.text+0x2a78): undefined reference to `__WSAFDIsSet@8'
E:/jerry/MinGW/x/lib/libX11.a(XlibInt.o):(.text+0x2c26): undefined reference to `WSASetLastError@4'
E:/jerry/MinGW/x/lib/libX11.a(XlibInt.o):(.text+0x2caa): undefined reference to `WSAGetLastError@0'
E:/jerry/MinGW/x/lib/libX11.a(XlibInt.o):(.text+0x2cb6): undefined reference to `WSAGetLastError@0'
E:/jerry/MinGW/x/lib/libX11.a(XlibInt.o):(.text+0x2d9b): undefined reference to `WSASetLastError@4'
E:/jerry/MinGW/x/lib/libX11.a(XlibInt.o):(.text+0x2df0): undefined reference to `WSAGetLastError@0'
E:/jerry/MinGW/x/lib/libX11.a(XlibInt.o):(.text+0x2dfc): undefined reference to `WSAGetLastError@0'
E:/jerry/MinGW/x/lib/libX11.a(XlibInt.o):(.text+0x3d36): undefined reference to `__WSAFDIsSet@8'
E:/jerry/MinGW/x/lib/libX11.a(XlibInt.o):(.text+0x3d67): undefined reference to `select@20'
E:/jerry/MinGW/x/lib/libX11.a(XlibInt.o):(.text+0x3dc0): undefined reference to `WSAGetLastError@0'
E:/jerry/MinGW/x/lib/libX11.a(XlibInt.o):(.text+0x3dce): undefined reference to `WSAGetLastError@0'
E:/jerry/MinGW/x/lib/libX11.a(ConnDis.o):(.text+0xb09): undefined reference to `XauDisposeAuth'
E:/jerry/MinGW/x/lib/libX11.a(ConnDis.o):(.text+0xd76): undefined reference to `XauGetBestAuthByAddr'
E:/jerry/MinGW/x/lib/libX11.a(x11_trans.o):(.text+0xb0): undefined reference to `closesocket@4'
E:/jerry/MinGW/x/lib/libX11.a(x11_trans.o):(.text+0xcf): undefined reference to `WSAGetLastError@0'
E:/jerry/MinGW/x/lib/libX11.a(x11_trans.o):(.text+0xf1): undefined reference to `shutdown@8'
E:/jerry/MinGW/x/lib/libX11.a(x11_trans.o):(.text+0x10f): undefined reference to `WSAGetLastError@0'
E:/jerry/MinGW/x/lib/libX11.a(x11_trans.o):(.text+0x12c): undefined reference to `WSASetLastError@4'
E:/jerry/MinGW/x/lib/libX11.a(x11_trans.o):(.text+0x162): undefined reference to `WSASetLastError@4'
E:/jerry/MinGW/x/lib/libX11.a(x11_trans.o):(.text+0x1cc): undefined reference to `WSASetLastError@4'
E:/jerry/MinGW/x/lib/libX11.a(x11_trans.o):(.text+0x202): undefined reference to `WSASetLastError@4'
E:/jerry/MinGW/x/lib/libX11.a(x11_trans.o):(.text+0x277): undefined reference to `send@16'
E:/jerry/MinGW/x/lib/libX11.a(x11_trans.o):(.text+0x298): undefined reference to `WSAGetLastError@0'
E:/jerry/MinGW/x/lib/libX11.a(x11_trans.o):(.text+0x2c7): undefined reference to `recv@16'
E:/jerry/MinGW/x/lib/libX11.a(x11_trans.o):(.text+0x2e8): undefined reference to `WSAGetLastError@0'
E:/jerry/MinGW/x/lib/libX11.a(x11_trans.o):(.text+0x32f): undefined reference to `ioctlsocket@12'
E:/jerry/MinGW/x/lib/libX11.a(x11_trans.o):(.text+0x357): undefined reference to `ioctlsocket@12'
E:/jerry/MinGW/x/lib/libX11.a(x11_trans.o):(.text+0x378): undefined reference to `WSAGetLastError@0'
E:/jerry/MinGW/x/lib/libX11.a(x11_trans.o):(.text+0x656): undefined reference to `socket@12'
E:/jerry/MinGW/x/lib/libX11.a(x11_trans.o):(.text+0x68d): undefined reference to `setsockopt@20'
E:/jerry/MinGW/x/lib/libX11.a(x11_trans.o):(.text+0x701): undefined reference to `WSAGetLastError@0'
E:/jerry/MinGW/x/lib/libX11.a(x11_trans.o):(.text+0x961): undefined reference to `WSAStartup@8'
E:/jerry/MinGW/x/lib/libX11.a(x11_trans.o):(.text+0x993): undefined reference to `gethostname@8'
E:/jerry/MinGW/x/lib/libX11.a(x11_trans.o):(.text+0xbaa): undefined reference to `gethostbyname@4'
E:/jerry/MinGW/x/lib/libX11.a(x11_trans.o):(.text+0xbe6): undefined reference to `getservbyname@8'
E:/jerry/MinGW/x/lib/libX11.a(x11_trans.o):(.text+0xc04): undefined reference to `htons@4'
E:/jerry/MinGW/x/lib/libX11.a(x11_trans.o):(.text+0xc28): undefined reference to `setsockopt@20'
E:/jerry/MinGW/x/lib/libX11.a(x11_trans.o):(.text+0xc39): undefined reference to `connect@12'
E:/jerry/MinGW/x/lib/libX11.a(x11_trans.o):(.text+0xc79): undefined reference to `getsockname@12'
E:/jerry/MinGW/x/lib/libX11.a(x11_trans.o):(.text+0xcf1): undefined reference to `getpeername@12'
E:/jerry/MinGW/x/lib/libX11.a(x11_trans.o):(.text+0xd45): undefined reference to `inet_addr@4'
E:/jerry/MinGW/x/lib/libX11.a(x11_trans.o):(.text+0xe37): undefined reference to `WSAGetLastError@0'
E:/jerry/MinGW/x/lib/libX11.a(x11_trans.o):(.text+0xe6c): undefined reference to `WSAGetLastError@0'
E:/jerry/MinGW/x/lib/libX11.a(x11_trans.o):(.text+0xe9e): undefined reference to `WSAGetLastError@0'
E:/jerry/MinGW/x/lib/libX11.a(x11_trans.o):(.text+0xebe): undefined reference to `WSAGetLastError@0'
E:/jerry/MinGW/x/lib/libX11.a(x11_trans.o):(.text+0xef0): undefined reference to `WSAGetLastError@0'
E:/jerry/MinGW/x/lib/libX11.a(x11_trans.o):(.text+0xfd2): undefined reference to `WSASetLastError@4'
E:/jerry/MinGW/x/lib/libX11.a(x11_trans.o):(.text+0x110c): undefined reference to `WSASetLastError@4'
E:/jerry/MinGW/x/lib/libX11.a(xim_trans.o):(.text+0xb0): undefined reference to `closesocket@4'
E:/jerry/MinGW/x/lib/libX11.a(xim_trans.o):(.text+0xcf): undefined reference to `WSAGetLastError@0'
E:/jerry/MinGW/x/lib/libX11.a(xim_trans.o):(.text+0xf1): undefined reference to `shutdown@8'
E:/jerry/MinGW/x/lib/libX11.a(xim_trans.o):(.text+0x10f): undefined reference to `WSAGetLastError@0'
E:/jerry/MinGW/x/lib/libX11.a(xim_trans.o):(.text+0x12c): undefined reference to `WSASetLastError@4'
E:/jerry/MinGW/x/lib/libX11.a(xim_trans.o):(.text+0x162): undefined reference to `WSASetLastError@4'
E:/jerry/MinGW/x/lib/libX11.a(xim_trans.o):(.text+0x1cc): undefined reference to `WSASetLastError@4'
E:/jerry/MinGW/x/lib/libX11.a(xim_trans.o):(.text+0x202): undefined reference to `WSASetLastError@4'
E:/jerry/MinGW/x/lib/libX11.a(xim_trans.o):(.text+0x277): undefined reference to `send@16'
E:/jerry/MinGW/x/lib/libX11.a(xim_trans.o):(.text+0x298): undefined reference to `WSAGetLastError@0'
E:/jerry/MinGW/x/lib/libX11.a(xim_trans.o):(.text+0x2c7): undefined reference to `recv@16'
E:/jerry/MinGW/x/lib/libX11.a(xim_trans.o):(.text+0x2e8): undefined reference to `WSAGetLastError@0'
E:/jerry/MinGW/x/lib/libX11.a(xim_trans.o):(.text+0x32f): undefined reference to `ioctlsocket@12'
E:/jerry/MinGW/x/lib/libX11.a(xim_trans.o):(.text+0x357): undefined reference to `ioctlsocket@12'
E:/jerry/MinGW/x/lib/libX11.a(xim_trans.o):(.text+0x378): undefined reference to `WSAGetLastError@0'
E:/jerry/MinGW/x/lib/libX11.a(xim_trans.o):(.text+0x5f6): undefined reference to `socket@12'
E:/jerry/MinGW/x/lib/libX11.a(xim_trans.o):(.text+0x62d): undefined reference to `setsockopt@20'
E:/jerry/MinGW/x/lib/libX11.a(xim_trans.o):(.text+0x6a1): undefined reference to `WSAGetLastError@0'
E:/jerry/MinGW/x/lib/libX11.a(xim_trans.o):(.text+0x901): undefined reference to `WSAStartup@8'
E:/jerry/MinGW/x/lib/libX11.a(xim_trans.o):(.text+0x933): undefined reference to `gethostname@8'
E:/jerry/MinGW/x/lib/libX11.a(xim_trans.o):(.text+0x987): undefined reference to `gethostbyname@4'
E:/jerry/MinGW/x/lib/libX11.a(xim_trans.o):(.text+0xa02): undefined reference to `inet_addr@4'
E:/jerry/MinGW/x/lib/libX11.a(xim_trans.o):(.text+0xa20): undefined reference to `getservbyname@8'
E:/jerry/MinGW/x/lib/libX11.a(xim_trans.o):(.text+0xa3e): undefined reference to `htons@4'
E:/jerry/MinGW/x/lib/libX11.a(xim_trans.o):(.text+0xa62): undefined reference to `setsockopt@20'
E:/jerry/MinGW/x/lib/libX11.a(xim_trans.o):(.text+0xa73): undefined reference to `connect@12'
E:/jerry/MinGW/x/lib/libX11.a(xim_trans.o):(.text+0xab3): undefined reference to `getsockname@12'
E:/jerry/MinGW/x/lib/libX11.a(xim_trans.o):(.text+0xb2b): undefined reference to `getpeername@12'
E:/jerry/MinGW/x/lib/libX11.a(xim_trans.o):(.text+0xb81): undefined reference to `WSAGetLastError@0'
E:/jerry/MinGW/x/lib/libX11.a(xim_trans.o):(.text+0xbb6): undefined reference to `WSAGetLastError@0'
E:/jerry/MinGW/x/lib/libX11.a(xim_trans.o):(.text+0xbe8): undefined reference to `WSAGetLastError@0'
E:/jerry/MinGW/x/lib/libX11.a(xim_trans.o):(.text+0xcec): undefined reference to `WSASetLastError@4'
E:/jerry/MinGW/x/lib/libX11.a(xim_trans.o):(.text+0xd43): undefined reference to `WSAGetLastError@0'
E:/jerry/MinGW/x/lib/libX11.a(xim_trans.o):(.text+0xd75): undefined reference to `WSAGetLastError@0'
E:/jerry/MinGW/x/lib/libX11.a(xim_trans.o):(.text+0xed9): undefined reference to `WSASetLastError@4'
collect2: ld returned 1 exit status
configure:4577: $? = 1
configure: failed program was:
| /* confdefs.h */
| #define PACKAGE_NAME ""
| #define PACKAGE_TARNAME ""
| #define PACKAGE_VERSION ""
| #define PACKAGE_STRING ""
| #define PACKAGE_BUGREPORT ""
| #define PACKAGE_URL ""
| #define PACKAGE "stalonetray"
| #define VERSION "0.8.1"
| #define STDC_HEADERS 1
| #define HAVE_SYS_TYPES_H 1
| #define HAVE_SYS_STAT_H 1
| #define HAVE_STDLIB_H 1
| #define HAVE_STRING_H 1
| #define HAVE_MEMORY_H 1
| #define HAVE_STRINGS_H 1
| #define HAVE_INTTYPES_H 1
| #define HAVE_STDINT_H 1
| #define HAVE_UNISTD_H 1
| #define __EXTENSIONS__ 1
| #define _ALL_SOURCE 1
| #define _GNU_SOURCE 1
| #define _POSIX_PTHREAD_SEMANTICS 1
| #define _TANDEM_SOURCE 1
| #define HAVE_CTYPE_H 1
| #define HAVE_ERRNO_H 1
| #define HAVE_SIGNAL_H 1
| #define HAVE_STDIO_H 1
| #define HAVE_STDLIB_H 1
| #define HAVE_STRING_H 1
| #define HAVE_TIME_H 1
| #define HAVE_UNISTD_H 1
| #define HAVE_LIBGEN_H 1
| /* end confdefs.h.  */
| 
| /* Override any GCC internal prototype to avoid an error.
|    Use char because int might match the return type of a GCC
|    builtin and then its argument prototype would still apply.  */
| #ifdef __cplusplus
| extern "C"
| #endif
| char XOpenDisplay ();
| int
| main ()
| {
| return XOpenDisplay ();
|   ;
|   return 0;
| }
configure:4580: checking for dnet_ntoa in -ldnet
configure:4605: gcc -o conftest.exe -g -O2   conftest.c -ldnet    -L/mingw/x/lib -lX11 >&5
e:/jerry/mingw/bin/../lib/gcc/mingw32/4.6.1/../../../../mingw32/bin/ld.exe: cannot find -ldnet
collect2: ld returned 1 exit status
configure:4605: $? = 1
configure: failed program was:
| /* confdefs.h */
| #define PACKAGE_NAME ""
| #define PACKAGE_TARNAME ""
| #define PACKAGE_VERSION ""
| #define PACKAGE_STRING ""
| #define PACKAGE_BUGREPORT ""
| #define PACKAGE_URL ""
| #define PACKAGE "stalonetray"
| #define VERSION "0.8.1"
| #define STDC_HEADERS 1
| #define HAVE_SYS_TYPES_H 1
| #define HAVE_SYS_STAT_H 1
| #define HAVE_STDLIB_H 1
| #define HAVE_STRING_H 1
| #define HAVE_MEMORY_H 1
| #define HAVE_STRINGS_H 1
| #define HAVE_INTTYPES_H 1
| #define HAVE_STDINT_H 1
| #define HAVE_UNISTD_H 1
| #define __EXTENSIONS__ 1
| #define _ALL_SOURCE 1
| #define _GNU_SOURCE 1
| #define _POSIX_PTHREAD_SEMANTICS 1
| #define _TANDEM_SOURCE 1
| #define HAVE_CTYPE_H 1
| #define HAVE_ERRNO_H 1
| #define HAVE_SIGNAL_H 1
| #define HAVE_STDIO_H 1
| #define HAVE_STDLIB_H 1
| #define HAVE_STRING_H 1
| #define HAVE_TIME_H 1
| #define HAVE_UNISTD_H 1
| #define HAVE_LIBGEN_H 1
| /* end confdefs.h.  */
| 
| /* Override any GCC internal prototype to avoid an error.
|    Use char because int might match the return type of a GCC
|    builtin and then its argument prototype would still apply.  */
| #ifdef __cplusplus
| extern "C"
| #endif
| char dnet_ntoa ();
| int
| main ()
| {
| return dnet_ntoa ();
|   ;
|   return 0;
| }
configure:4614: result: no
configure:4621: checking for dnet_ntoa in -ldnet_stub
configure:4646: gcc -o conftest.exe -g -O2   conftest.c -ldnet_stub    -L/mingw/x/lib -lX11 >&5
e:/jerry/mingw/bin/../lib/gcc/mingw32/4.6.1/../../../../mingw32/bin/ld.exe: cannot find -ldnet_stub
collect2: ld returned 1 exit status
configure:4646: $? = 1
configure: failed program was:
| /* confdefs.h */
| #define PACKAGE_NAME ""
| #define PACKAGE_TARNAME ""
| #define PACKAGE_VERSION ""
| #define PACKAGE_STRING ""
| #define PACKAGE_BUGREPORT ""
| #define PACKAGE_URL ""
| #define PACKAGE "stalonetray"
| #define VERSION "0.8.1"
| #define STDC_HEADERS 1
| #define HAVE_SYS_TYPES_H 1
| #define HAVE_SYS_STAT_H 1
| #define HAVE_STDLIB_H 1
| #define HAVE_STRING_H 1
| #define HAVE_MEMORY_H 1
| #define HAVE_STRINGS_H 1
| #define HAVE_INTTYPES_H 1
| #define HAVE_STDINT_H 1
| #define HAVE_UNISTD_H 1
| #define __EXTENSIONS__ 1
| #define _ALL_SOURCE 1
| #define _GNU_SOURCE 1
| #define _POSIX_PTHREAD_SEMANTICS 1
| #define _TANDEM_SOURCE 1
| #define HAVE_CTYPE_H 1
| #define HAVE_ERRNO_H 1
| #define HAVE_SIGNAL_H 1
| #define HAVE_STDIO_H 1
| #define HAVE_STDLIB_H 1
| #define HAVE_STRING_H 1
| #define HAVE_TIME_H 1
| #define HAVE_UNISTD_H 1
| #define HAVE_LIBGEN_H 1
| /* end confdefs.h.  */
| 
| /* Override any GCC internal prototype to avoid an error.
|    Use char because int might match the return type of a GCC
|    builtin and then its argument prototype would still apply.  */
| #ifdef __cplusplus
| extern "C"
| #endif
| char dnet_ntoa ();
| int
| main ()
| {
| return dnet_ntoa ();
|   ;
|   return 0;
| }
configure:4655: result: no
configure:4675: checking for gethostbyname
configure:4675: gcc -o conftest.exe -g -O2   conftest.c  >&5
C:\Users\YSAMOI~1\AppData\Local\Temp\ccCyLGld.o: In function `main':
E:\jerry\MinGW\x\stalonetray-0.8.1/conftest.c:69: undefined reference to `gethostbyname'
collect2: ld returned 1 exit status
configure:4675: $? = 1
configure: failed program was:
| /* confdefs.h */
| #define PACKAGE_NAME ""
| #define PACKAGE_TARNAME ""
| #define PACKAGE_VERSION ""
| #define PACKAGE_STRING ""
| #define PACKAGE_BUGREPORT ""
| #define PACKAGE_URL ""
| #define PACKAGE "stalonetray"
| #define VERSION "0.8.1"
| #define STDC_HEADERS 1
| #define HAVE_SYS_TYPES_H 1
| #define HAVE_SYS_STAT_H 1
| #define HAVE_STDLIB_H 1
| #define HAVE_STRING_H 1
| #define HAVE_MEMORY_H 1
| #define HAVE_STRINGS_H 1
| #define HAVE_INTTYPES_H 1
| #define HAVE_STDINT_H 1
| #define HAVE_UNISTD_H 1
| #define __EXTENSIONS__ 1
| #define _ALL_SOURCE 1
| #define _GNU_SOURCE 1
| #define _POSIX_PTHREAD_SEMANTICS 1
| #define _TANDEM_SOURCE 1
| #define HAVE_CTYPE_H 1
| #define HAVE_ERRNO_H 1
| #define HAVE_SIGNAL_H 1
| #define HAVE_STDIO_H 1
| #define HAVE_STDLIB_H 1
| #define HAVE_STRING_H 1
| #define HAVE_TIME_H 1
| #define HAVE_UNISTD_H 1
| #define HAVE_LIBGEN_H 1
| /* end confdefs.h.  */
| /* Define gethostbyname to an innocuous variant, in case <limits.h> declares gethostbyname.
|    For example, HP-UX 11i <limits.h> declares gettimeofday.  */
| #define gethostbyname innocuous_gethostbyname
| 
| /* System header to define __stub macros and hopefully few prototypes,
|     which can conflict with char gethostbyname (); below.
|     Prefer <limits.h> to <assert.h> if __STDC__ is defined, since
|     <limits.h> exists even on freestanding compilers.  */
| 
| #ifdef __STDC__
| # include <limits.h>
| #else
| # include <assert.h>
| #endif
| 
| #undef gethostbyname
| 
| /* Override any GCC internal prototype to avoid an error.
|    Use char because int might match the return type of a GCC
|    builtin and then its argument prototype would still apply.  */
| #ifdef __cplusplus
| extern "C"
| #endif
| char gethostbyname ();
| /* The GNU C library defines this for functions which it implements
|     to always fail with ENOSYS.  Some functions are actually named
|     something starting with __ and the normal name is an alias.  */
| #if defined __stub_gethostbyname || defined __stub___gethostbyname
| choke me
| #endif
| 
| int
| main ()
| {
| return gethostbyname ();
|   ;
|   return 0;
| }
configure:4675: result: no
configure:4681: checking for gethostbyname in -lnsl
configure:4706: gcc -o conftest.exe -g -O2   conftest.c -lnsl   >&5
e:/jerry/mingw/bin/../lib/gcc/mingw32/4.6.1/../../../../mingw32/bin/ld.exe: cannot find -lnsl
collect2: ld returned 1 exit status
configure:4706: $? = 1
configure: failed program was:
| /* confdefs.h */
| #define PACKAGE_NAME ""
| #define PACKAGE_TARNAME ""
| #define PACKAGE_VERSION ""
| #define PACKAGE_STRING ""
| #define PACKAGE_BUGREPORT ""
| #define PACKAGE_URL ""
| #define PACKAGE "stalonetray"
| #define VERSION "0.8.1"
| #define STDC_HEADERS 1
| #define HAVE_SYS_TYPES_H 1
| #define HAVE_SYS_STAT_H 1
| #define HAVE_STDLIB_H 1
| #define HAVE_STRING_H 1
| #define HAVE_MEMORY_H 1
| #define HAVE_STRINGS_H 1
| #define HAVE_INTTYPES_H 1
| #define HAVE_STDINT_H 1
| #define HAVE_UNISTD_H 1
| #define __EXTENSIONS__ 1
| #define _ALL_SOURCE 1
| #define _GNU_SOURCE 1
| #define _POSIX_PTHREAD_SEMANTICS 1
| #define _TANDEM_SOURCE 1
| #define HAVE_CTYPE_H 1
| #define HAVE_ERRNO_H 1
| #define HAVE_SIGNAL_H 1
| #define HAVE_STDIO_H 1
| #define HAVE_STDLIB_H 1
| #define HAVE_STRING_H 1
| #define HAVE_TIME_H 1
| #define HAVE_UNISTD_H 1
| #define HAVE_LIBGEN_H 1
| /* end confdefs.h.  */
| 
| /* Override any GCC internal prototype to avoid an error.
|    Use char because int might match the return type of a GCC
|    builtin and then its argument prototype would still apply.  */
| #ifdef __cplusplus
| extern "C"
| #endif
| char gethostbyname ();
| int
| main ()
| {
| return gethostbyname ();
|   ;
|   return 0;
| }
configure:4715: result: no
configure:4722: checking for gethostbyname in -lbsd
configure:4747: gcc -o conftest.exe -g -O2   conftest.c -lbsd   >&5
e:/jerry/mingw/bin/../lib/gcc/mingw32/4.6.1/../../../../mingw32/bin/ld.exe: cannot find -lbsd
collect2: ld returned 1 exit status
configure:4747: $? = 1
configure: failed program was:
| /* confdefs.h */
| #define PACKAGE_NAME ""
| #define PACKAGE_TARNAME ""
| #define PACKAGE_VERSION ""
| #define PACKAGE_STRING ""
| #define PACKAGE_BUGREPORT ""
| #define PACKAGE_URL ""
| #define PACKAGE "stalonetray"
| #define VERSION "0.8.1"
| #define STDC_HEADERS 1
| #define HAVE_SYS_TYPES_H 1
| #define HAVE_SYS_STAT_H 1
| #define HAVE_STDLIB_H 1
| #define HAVE_STRING_H 1
| #define HAVE_MEMORY_H 1
| #define HAVE_STRINGS_H 1
| #define HAVE_INTTYPES_H 1
| #define HAVE_STDINT_H 1
| #define HAVE_UNISTD_H 1
| #define __EXTENSIONS__ 1
| #define _ALL_SOURCE 1
| #define _GNU_SOURCE 1
| #define _POSIX_PTHREAD_SEMANTICS 1
| #define _TANDEM_SOURCE 1
| #define HAVE_CTYPE_H 1
| #define HAVE_ERRNO_H 1
| #define HAVE_SIGNAL_H 1
| #define HAVE_STDIO_H 1
| #define HAVE_STDLIB_H 1
| #define HAVE_STRING_H 1
| #define HAVE_TIME_H 1
| #define HAVE_UNISTD_H 1
| #define HAVE_LIBGEN_H 1
| /* end confdefs.h.  */
| 
| /* Override any GCC internal prototype to avoid an error.
|    Use char because int might match the return type of a GCC
|    builtin and then its argument prototype would still apply.  */
| #ifdef __cplusplus
| extern "C"
| #endif
| char gethostbyname ();
| int
| main ()
| {
| return gethostbyname ();
|   ;
|   return 0;
| }
configure:4756: result: no
configure:4772: checking for connect
configure:4772: gcc -o conftest.exe -g -O2   conftest.c  >&5
C:\Users\YSAMOI~1\AppData\Local\Temp\cc1FnWom.o: In function `main':
E:\jerry\MinGW\x\stalonetray-0.8.1/conftest.c:69: undefined reference to `connect'
collect2: ld returned 1 exit status
configure:4772: $? = 1
configure: failed program was:
| /* confdefs.h */
| #define PACKAGE_NAME ""
| #define PACKAGE_TARNAME ""
| #define PACKAGE_VERSION ""
| #define PACKAGE_STRING ""
| #define PACKAGE_BUGREPORT ""
| #define PACKAGE_URL ""
| #define PACKAGE "stalonetray"
| #define VERSION "0.8.1"
| #define STDC_HEADERS 1
| #define HAVE_SYS_TYPES_H 1
| #define HAVE_SYS_STAT_H 1
| #define HAVE_STDLIB_H 1
| #define HAVE_STRING_H 1
| #define HAVE_MEMORY_H 1
| #define HAVE_STRINGS_H 1
| #define HAVE_INTTYPES_H 1
| #define HAVE_STDINT_H 1
| #define HAVE_UNISTD_H 1
| #define __EXTENSIONS__ 1
| #define _ALL_SOURCE 1
| #define _GNU_SOURCE 1
| #define _POSIX_PTHREAD_SEMANTICS 1
| #define _TANDEM_SOURCE 1
| #define HAVE_CTYPE_H 1
| #define HAVE_ERRNO_H 1
| #define HAVE_SIGNAL_H 1
| #define HAVE_STDIO_H 1
| #define HAVE_STDLIB_H 1
| #define HAVE_STRING_H 1
| #define HAVE_TIME_H 1
| #define HAVE_UNISTD_H 1
| #define HAVE_LIBGEN_H 1
| /* end confdefs.h.  */
| /* Define connect to an innocuous variant, in case <limits.h> declares connect.
|    For example, HP-UX 11i <limits.h> declares gettimeofday.  */
| #define connect innocuous_connect
| 
| /* System header to define __stub macros and hopefully few prototypes,
|     which can conflict with char connect (); below.
|     Prefer <limits.h> to <assert.h> if __STDC__ is defined, since
|     <limits.h> exists even on freestanding compilers.  */
| 
| #ifdef __STDC__
| # include <limits.h>
| #else
| # include <assert.h>
| #endif
| 
| #undef connect
| 
| /* Override any GCC internal prototype to avoid an error.
|    Use char because int might match the return type of a GCC
|    builtin and then its argument prototype would still apply.  */
| #ifdef __cplusplus
| extern "C"
| #endif
| char connect ();
| /* The GNU C library defines this for functions which it implements
|     to always fail with ENOSYS.  Some functions are actually named
|     something starting with __ and the normal name is an alias.  */
| #if defined __stub_connect || defined __stub___connect
| choke me
| #endif
| 
| int
| main ()
| {
| return connect ();
|   ;
|   return 0;
| }
configure:4772: result: no
configure:4778: checking for connect in -lsocket
configure:4803: gcc -o conftest.exe -g -O2   conftest.c -lsocket   >&5
e:/jerry/mingw/bin/../lib/gcc/mingw32/4.6.1/../../../../mingw32/bin/ld.exe: cannot find -lsocket
collect2: ld returned 1 exit status
configure:4803: $? = 1
configure: failed program was:
| /* confdefs.h */
| #define PACKAGE_NAME ""
| #define PACKAGE_TARNAME ""
| #define PACKAGE_VERSION ""
| #define PACKAGE_STRING ""
| #define PACKAGE_BUGREPORT ""
| #define PACKAGE_URL ""
| #define PACKAGE "stalonetray"
| #define VERSION "0.8.1"
| #define STDC_HEADERS 1
| #define HAVE_SYS_TYPES_H 1
| #define HAVE_SYS_STAT_H 1
| #define HAVE_STDLIB_H 1
| #define HAVE_STRING_H 1
| #define HAVE_MEMORY_H 1
| #define HAVE_STRINGS_H 1
| #define HAVE_INTTYPES_H 1
| #define HAVE_STDINT_H 1
| #define HAVE_UNISTD_H 1
| #define __EXTENSIONS__ 1
| #define _ALL_SOURCE 1
| #define _GNU_SOURCE 1
| #define _POSIX_PTHREAD_SEMANTICS 1
| #define _TANDEM_SOURCE 1
| #define HAVE_CTYPE_H 1
| #define HAVE_ERRNO_H 1
| #define HAVE_SIGNAL_H 1
| #define HAVE_STDIO_H 1
| #define HAVE_STDLIB_H 1
| #define HAVE_STRING_H 1
| #define HAVE_TIME_H 1
| #define HAVE_UNISTD_H 1
| #define HAVE_LIBGEN_H 1
| /* end confdefs.h.  */
| 
| /* Override any GCC internal prototype to avoid an error.
|    Use char because int might match the return type of a GCC
|    builtin and then its argument prototype would still apply.  */
| #ifdef __cplusplus
| extern "C"
| #endif
| char connect ();
| int
| main ()
| {
| return connect ();
|   ;
|   return 0;
| }
configure:4812: result: no
configure:4821: checking for remove
configure:4821: gcc -o conftest.exe -g -O2   conftest.c  >&5
configure:4821: $? = 0
configure:4821: result: yes
configure:4870: checking for shmat
configure:4870: gcc -o conftest.exe -g -O2   conftest.c  >&5
C:\Users\YSAMOI~1\AppData\Local\Temp\ccI0TJEe.o: In function `main':
E:\jerry\MinGW\x\stalonetray-0.8.1/conftest.c:69: undefined reference to `shmat'
collect2: ld returned 1 exit status
configure:4870: $? = 1
configure: failed program was:
| /* confdefs.h */
| #define PACKAGE_NAME ""
| #define PACKAGE_TARNAME ""
| #define PACKAGE_VERSION ""
| #define PACKAGE_STRING ""
| #define PACKAGE_BUGREPORT ""
| #define PACKAGE_URL ""
| #define PACKAGE "stalonetray"
| #define VERSION "0.8.1"
| #define STDC_HEADERS 1
| #define HAVE_SYS_TYPES_H 1
| #define HAVE_SYS_STAT_H 1
| #define HAVE_STDLIB_H 1
| #define HAVE_STRING_H 1
| #define HAVE_MEMORY_H 1
| #define HAVE_STRINGS_H 1
| #define HAVE_INTTYPES_H 1
| #define HAVE_STDINT_H 1
| #define HAVE_UNISTD_H 1
| #define __EXTENSIONS__ 1
| #define _ALL_SOURCE 1
| #define _GNU_SOURCE 1
| #define _POSIX_PTHREAD_SEMANTICS 1
| #define _TANDEM_SOURCE 1
| #define HAVE_CTYPE_H 1
| #define HAVE_ERRNO_H 1
| #define HAVE_SIGNAL_H 1
| #define HAVE_STDIO_H 1
| #define HAVE_STDLIB_H 1
| #define HAVE_STRING_H 1
| #define HAVE_TIME_H 1
| #define HAVE_UNISTD_H 1
| #define HAVE_LIBGEN_H 1
| /* end confdefs.h.  */
| /* Define shmat to an innocuous variant, in case <limits.h> declares shmat.
|    For example, HP-UX 11i <limits.h> declares gettimeofday.  */
| #define shmat innocuous_shmat
| 
| /* System header to define __stub macros and hopefully few prototypes,
|     which can conflict with char shmat (); below.
|     Prefer <limits.h> to <assert.h> if __STDC__ is defined, since
|     <limits.h> exists even on freestanding compilers.  */
| 
| #ifdef __STDC__
| # include <limits.h>
| #else
| # include <assert.h>
| #endif
| 
| #undef shmat
| 
| /* Override any GCC internal prototype to avoid an error.
|    Use char because int might match the return type of a GCC
|    builtin and then its argument prototype would still apply.  */
| #ifdef __cplusplus
| extern "C"
| #endif
| char shmat ();
| /* The GNU C library defines this for functions which it implements
|     to always fail with ENOSYS.  Some functions are actually named
|     something starting with __ and the normal name is an alias.  */
| #if defined __stub_shmat || defined __stub___shmat
| choke me
| #endif
| 
| int
| main ()
| {
| return shmat ();
|   ;
|   return 0;
| }
configure:4870: result: no
configure:4876: checking for shmat in -lipc
configure:4901: gcc -o conftest.exe -g -O2   conftest.c -lipc   >&5
e:/jerry/mingw/bin/../lib/gcc/mingw32/4.6.1/../../../../mingw32/bin/ld.exe: cannot find -lipc
collect2: ld returned 1 exit status
configure:4901: $? = 1
configure: failed program was:
| /* confdefs.h */
| #define PACKAGE_NAME ""
| #define PACKAGE_TARNAME ""
| #define PACKAGE_VERSION ""
| #define PACKAGE_STRING ""
| #define PACKAGE_BUGREPORT ""
| #define PACKAGE_URL ""
| #define PACKAGE "stalonetray"
| #define VERSION "0.8.1"
| #define STDC_HEADERS 1
| #define HAVE_SYS_TYPES_H 1
| #define HAVE_SYS_STAT_H 1
| #define HAVE_STDLIB_H 1
| #define HAVE_STRING_H 1
| #define HAVE_MEMORY_H 1
| #define HAVE_STRINGS_H 1
| #define HAVE_INTTYPES_H 1
| #define HAVE_STDINT_H 1
| #define HAVE_UNISTD_H 1
| #define __EXTENSIONS__ 1
| #define _ALL_SOURCE 1
| #define _GNU_SOURCE 1
| #define _POSIX_PTHREAD_SEMANTICS 1
| #define _TANDEM_SOURCE 1
| #define HAVE_CTYPE_H 1
| #define HAVE_ERRNO_H 1
| #define HAVE_SIGNAL_H 1
| #define HAVE_STDIO_H 1
| #define HAVE_STDLIB_H 1
| #define HAVE_STRING_H 1
| #define HAVE_TIME_H 1
| #define HAVE_UNISTD_H 1
| #define HAVE_LIBGEN_H 1
| /* end confdefs.h.  */
| 
| /* Override any GCC internal prototype to avoid an error.
|    Use char because int might match the return type of a GCC
|    builtin and then its argument prototype would still apply.  */
| #ifdef __cplusplus
| extern "C"
| #endif
| char shmat ();
| int
| main ()
| {
| return shmat ();
|   ;
|   return 0;
| }
configure:4910: result: no
configure:4928: checking for IceConnectionNumber in -lICE
configure:4953: gcc -o conftest.exe -g -O2   -L/mingw/x/lib conftest.c -lICE   >&5
e:/jerry/mingw/bin/../lib/gcc/mingw32/4.6.1/../../../../mingw32/bin/ld.exe: cannot find -lICE
collect2: ld returned 1 exit status
configure:4953: $? = 1
configure: failed program was:
| /* confdefs.h */
| #define PACKAGE_NAME ""
| #define PACKAGE_TARNAME ""
| #define PACKAGE_VERSION ""
| #define PACKAGE_STRING ""
| #define PACKAGE_BUGREPORT ""
| #define PACKAGE_URL ""
| #define PACKAGE "stalonetray"
| #define VERSION "0.8.1"
| #define STDC_HEADERS 1
| #define HAVE_SYS_TYPES_H 1
| #define HAVE_SYS_STAT_H 1
| #define HAVE_STDLIB_H 1
| #define HAVE_STRING_H 1
| #define HAVE_MEMORY_H 1
| #define HAVE_STRINGS_H 1
| #define HAVE_INTTYPES_H 1
| #define HAVE_STDINT_H 1
| #define HAVE_UNISTD_H 1
| #define __EXTENSIONS__ 1
| #define _ALL_SOURCE 1
| #define _GNU_SOURCE 1
| #define _POSIX_PTHREAD_SEMANTICS 1
| #define _TANDEM_SOURCE 1
| #define HAVE_CTYPE_H 1
| #define HAVE_ERRNO_H 1
| #define HAVE_SIGNAL_H 1
| #define HAVE_STDIO_H 1
| #define HAVE_STDLIB_H 1
| #define HAVE_STRING_H 1
| #define HAVE_TIME_H 1
| #define HAVE_UNISTD_H 1
| #define HAVE_LIBGEN_H 1
| /* end confdefs.h.  */
| 
| /* Override any GCC internal prototype to avoid an error.
|    Use char because int might match the return type of a GCC
|    builtin and then its argument prototype would still apply.  */
| #ifdef __cplusplus
| extern "C"
| #endif
| char IceConnectionNumber ();
| int
| main ()
| {
| return IceConnectionNumber ();
|   ;
|   return 0;
| }
configure:4962: result: no
configure:4986: checking for XpmReadFileToPixmap in -lXpm
configure:5011: gcc -o conftest.exe -g -O2   conftest.c -lXpm  -L/mingw/x/lib  >&5
e:/jerry/mingw/bin/../lib/gcc/mingw32/4.6.1/../../../../mingw32/bin/ld.exe: cannot find -lXpm
collect2: ld returned 1 exit status
configure:5011: $? = 1
configure: failed program was:
| /* confdefs.h */
| #define PACKAGE_NAME ""
| #define PACKAGE_TARNAME ""
| #define PACKAGE_VERSION ""
| #define PACKAGE_STRING ""
| #define PACKAGE_BUGREPORT ""
| #define PACKAGE_URL ""
| #define PACKAGE "stalonetray"
| #define VERSION "0.8.1"
| #define STDC_HEADERS 1
| #define HAVE_SYS_TYPES_H 1
| #define HAVE_SYS_STAT_H 1
| #define HAVE_STDLIB_H 1
| #define HAVE_STRING_H 1
| #define HAVE_MEMORY_H 1
| #define HAVE_STRINGS_H 1
| #define HAVE_INTTYPES_H 1
| #define HAVE_STDINT_H 1
| #define HAVE_UNISTD_H 1
| #define __EXTENSIONS__ 1
| #define _ALL_SOURCE 1
| #define _GNU_SOURCE 1
| #define _POSIX_PTHREAD_SEMANTICS 1
| #define _TANDEM_SOURCE 1
| #define HAVE_CTYPE_H 1
| #define HAVE_ERRNO_H 1
| #define HAVE_SIGNAL_H 1
| #define HAVE_STDIO_H 1
| #define HAVE_STDLIB_H 1
| #define HAVE_STRING_H 1
| #define HAVE_TIME_H 1
| #define HAVE_UNISTD_H 1
| #define HAVE_LIBGEN_H 1
| /* end confdefs.h.  */
| 
| /* Override any GCC internal prototype to avoid an error.
|    Use char because int might match the return type of a GCC
|    builtin and then its argument prototype would still apply.  */
| #ifdef __cplusplus
| extern "C"
| #endif
| char XpmReadFileToPixmap ();
| int
| main ()
| {
| return XpmReadFileToPixmap ();
|   ;
|   return 0;
| }
configure:5020: result: no
configure:5279: creating ./config.status

## ---------------------- ##
## Running config.status. ##
## ---------------------- ##

This file was extended by config.status, which was
generated by GNU Autoconf 2.66.  Invocation command line was

  CONFIG_FILES    = 
  CONFIG_HEADERS  = 
  CONFIG_LINKS    = 
  CONFIG_COMMANDS = 
  $ ./config.status 

on e15

config.status:875: creating Makefile
config.status:875: creating src/Makefile
config.status:875: creating src/config.h
config.status:1103: executing depfiles commands

## ---------------- ##
## Cache variables. ##
## ---------------- ##

ac_cv_c_compiler_gnu=yes
ac_cv_debug=no
ac_cv_dump_win_info=yes
ac_cv_env_CC_set=
ac_cv_env_CC_value=
ac_cv_env_CFLAGS_set=
ac_cv_env_CFLAGS_value=
ac_cv_env_CPPFLAGS_set=
ac_cv_env_CPPFLAGS_value=
ac_cv_env_CPP_set=
ac_cv_env_CPP_value=
ac_cv_env_LDFLAGS_set=
ac_cv_env_LDFLAGS_value=
ac_cv_env_LIBS_set=
ac_cv_env_LIBS_value=
ac_cv_env_XMKMF_set=
ac_cv_env_XMKMF_value=
ac_cv_env_build_alias_set=
ac_cv_env_build_alias_value=
ac_cv_env_host_alias_set=
ac_cv_env_host_alias_value=
ac_cv_env_target_alias_set=
ac_cv_env_target_alias_value=
ac_cv_events_trace=yes
ac_cv_exeext=.exe
ac_cv_func_connect=no
ac_cv_func_gethostbyname=no
ac_cv_func_remove=yes
ac_cv_func_shmat=no
ac_cv_graceful_exit=yes
ac_cv_have_x='have_x=yes	ac_x_includes='\''/mingw/x/include'\''	ac_x_libraries='\''/mingw/x/lib'\'''
ac_cv_header_ctype_h=yes
ac_cv_header_errno_h=yes
ac_cv_header_inttypes_h=yes
ac_cv_header_libgen_h=yes
ac_cv_header_memory_h=yes
ac_cv_header_minix_config_h=no
ac_cv_header_signal_h=yes
ac_cv_header_stdc=yes
ac_cv_header_stdint_h=yes
ac_cv_header_stdio_h=yes
ac_cv_header_stdlib_h=yes
ac_cv_header_string_h=yes
ac_cv_header_strings_h=yes
ac_cv_header_sys_stat_h=yes
ac_cv_header_sys_types_h=yes
ac_cv_header_time_h=yes
ac_cv_header_unistd_h=yes
ac_cv_lib_ICE_IceConnectionNumber=no
ac_cv_lib_Xpm_XpmReadFileToPixmap=no
ac_cv_lib_bsd_gethostbyname=no
ac_cv_lib_dnet_dnet_ntoa=no
ac_cv_lib_dnet_stub_dnet_ntoa=no
ac_cv_lib_ipc_shmat=no
ac_cv_lib_nsl_gethostbyname=no
ac_cv_lib_socket_connect=no
ac_cv_no_native_kde=no
ac_cv_objext=o
ac_cv_path_EGREP='/bin/grep -E'
ac_cv_path_GREP=/bin/grep
ac_cv_path_install='/bin/install -c'
ac_cv_path_mkdir=/bin/mkdir
ac_cv_prog_AWK=gawk
ac_cv_prog_CPP='gcc -E'
ac_cv_prog_ac_ct_CC=gcc
ac_cv_prog_cc_c89=
ac_cv_prog_cc_g=yes
ac_cv_prog_make_make_set=yes
ac_cv_safe_to_define___extensions__=yes
ac_cv_var_backtrace=no
ac_cv_var_printstack=no
ac_cv_xpm_supported=no
am_cv_CC_dependencies_compiler_type=gcc3

## ----------------- ##
## Output variables. ##
## ----------------- ##

ACLOCAL='${SHELL} /mingw/x/stalonetray-0.8.1/missing --run aclocal-1.11'
AMDEPBACKSLASH='\'
AMDEP_FALSE='#'
AMDEP_TRUE=''
AMTAR='${SHELL} /mingw/x/stalonetray-0.8.1/missing --run tar'
AUTOCONF='${SHELL} /mingw/x/stalonetray-0.8.1/missing --run autoconf'
AUTOHEADER='${SHELL} /mingw/x/stalonetray-0.8.1/missing --run autoheader'
AUTOMAKE='${SHELL} /mingw/x/stalonetray-0.8.1/missing --run automake-1.11'
AWK='gawk'
CC='gcc'
CCDEPMODE='depmode=gcc3'
CFLAGS='-g -O2'
CPP='gcc -E'
CPPFLAGS=' -DFEATURE_LIST='\''"XPM:no DEBUG:no KDE:no"'\'''
CYGPATH_W='echo'
DEFS='-DHAVE_CONFIG_H'
DEPDIR='.deps'
ECHO_C=''
ECHO_N='-n'
ECHO_T=''
EGREP='/bin/grep -E'
EXEEXT='.exe'
GREP='/bin/grep'
INSTALL_DATA='${INSTALL} -m 644'
INSTALL_PROGRAM='${INSTALL}'
INSTALL_SCRIPT='${INSTALL}'
INSTALL_STRIP_PROGRAM='$(install_sh) -c -s'
LDFLAGS=''
LIBOBJS=''
LIBS=''
LTLIBOBJS=''
MAKEINFO='${SHELL} /mingw/x/stalonetray-0.8.1/missing --run makeinfo'
MKDIR_P='/bin/mkdir -p'
OBJEXT='o'
PACKAGE='stalonetray'
PACKAGE_BUGREPORT=''
PACKAGE_NAME=''
PACKAGE_STRING=''
PACKAGE_TARNAME=''
PACKAGE_URL=''
PACKAGE_VERSION=''
PATH_SEPARATOR=':'
SET_MAKE=''
SHELL='/bin/sh'
STRIP=''
VERSION='0.8.1'
XMKMF=''
X_CFLAGS=' -I/mingw/x/include'
X_EXTRA_LIBS=''
X_LIBS=' -L/mingw/x/lib'
X_PRE_LIBS=''
ac_ct_CC='gcc'
am__EXEEXT_FALSE='#'
am__EXEEXT_TRUE=''
am__fastdepCC_FALSE='#'
am__fastdepCC_TRUE=''
am__include='include'
am__isrc=''
am__leading_dot='.'
am__quote=''
am__tar='${AMTAR} chof - "$$tardir"'
am__untar='${AMTAR} xf -'
bindir='${exec_prefix}/bin'
build_alias=''
datadir='${datarootdir}'
datarootdir='${prefix}/share'
docdir='${datarootdir}/doc/${PACKAGE}'
dvidir='${docdir}'
exec_prefix='${prefix}'
host_alias=''
htmldir='${docdir}'
includedir='${prefix}/include'
infodir='${datarootdir}/info'
install_sh='${SHELL} /mingw/x/stalonetray-0.8.1/install-sh'
kde_tray_support=''
libdir='${exec_prefix}/lib'
libexecdir='${exec_prefix}/libexec'
localedir='${datarootdir}/locale'
localstatedir='${prefix}/var'
mandir='${datarootdir}/man'
mkdir_p='/bin/mkdir -p'
oldincludedir='/usr/include'
pdfdir='${docdir}'
prefix='/mingw'
program_transform_name='s,x,x,'
psdir='${docdir}'
sbindir='${exec_prefix}/sbin'
sharedstatedir='${prefix}/com'
sysconfdir='${prefix}/etc'
target_alias=''

## ----------- ##
## confdefs.h. ##
## ----------- ##

/* confdefs.h */
#define PACKAGE_NAME ""
#define PACKAGE_TARNAME ""
#define PACKAGE_VERSION ""
#define PACKAGE_STRING ""
#define PACKAGE_BUGREPORT ""
#define PACKAGE_URL ""
#define PACKAGE "stalonetray"
#define VERSION "0.8.1"
#define STDC_HEADERS 1
#define HAVE_SYS_TYPES_H 1
#define HAVE_SYS_STAT_H 1
#define HAVE_STDLIB_H 1
#define HAVE_STRING_H 1
#define HAVE_MEMORY_H 1
#define HAVE_STRINGS_H 1
#define HAVE_INTTYPES_H 1
#define HAVE_STDINT_H 1
#define HAVE_UNISTD_H 1
#define __EXTENSIONS__ 1
#define _ALL_SOURCE 1
#define _GNU_SOURCE 1
#define _POSIX_PTHREAD_SEMANTICS 1
#define _TANDEM_SOURCE 1
#define HAVE_CTYPE_H 1
#define HAVE_ERRNO_H 1
#define HAVE_SIGNAL_H 1
#define HAVE_STDIO_H 1
#define HAVE_STDLIB_H 1
#define HAVE_STRING_H 1
#define HAVE_TIME_H 1
#define HAVE_UNISTD_H 1
#define HAVE_LIBGEN_H 1
#define NO_NATIVE_KDE 1
#define ENABLE_DUMP_WIN_INFO 1
#define ENABLE_GRACEFUL_EXIT_HACK 1
#define TRACE_EVENTS 1

configure: exit 0
